2026-02-22 20:10:37.376 [info] Getting Manifest... ms-python.python
2026-02-22 20:10:37.508 [info] Installing extension: ms-python.python {"isMachineScoped":false,"profileLocation":{"$mid":1,"external":"vscode-userdata:/home/solvingtornadoes/.vscode/extensions/extensions.json","path":"/home/solvingtornadoes/.vscode/extensions/extensions.json","scheme":"vscode-userdata"},"isApplicationScoped":false,"productVersion":{"version":"1.109.5","date":"2026-02-19T19:43:32.382Z"}}
2026-02-22 20:10:37.924 [info] Getting Manifest... ms-python.vscode-pylance
2026-02-22 20:10:37.970 [info] Getting Manifest... ms-python.debugpy
2026-02-22 20:10:38.546 [info] Getting Manifest... ms-python.vscode-python-envs
2026-02-22 20:10:38.578 [info] Installing extension: ms-python.vscode-pylance {"isMachineScoped":false,"profileLocation":{"$mid":1,"external":"vscode-userdata:/home/solvingtornadoes/.vscode/extensions/extensions.json","path":"/home/solvingtornadoes/.vscode/extensions/extensions.json","scheme":"vscode-userdata"},"isApplicationScoped":false,"productVersion":{"version":"1.109.5","date":"2026-02-19T19:43:32.382Z"},"pinned":false,"installGivenVersion":false,"context":{"dependecyOrPackExtensionInstall":true}}
2026-02-22 20:10:38.579 [info] Installing extension: ms-python.debugpy {"isMachineScoped":false,"profileLocation":{"$mid":1,"external":"vscode-userdata:/home/solvingtornadoes/.vscode/extensions/extensions.json","path":"/home/solvingtornadoes/.vscode/extensions/extensions.json","scheme":"vscode-userdata"},"isApplicationScoped":false,"productVersion":{"version":"1.109.5","date":"2026-02-19T19:43:32.382Z"},"pinned":false,"installGivenVersion":false,"context":{"dependecyOrPackExtensionInstall":true}}
2026-02-22 20:10:38.579 [info] Installing extension: ms-python.vscode-python-envs {"isMachineScoped":false,"profileLocation":{"$mid":1,"external":"vscode-userdata:/home/solvingtornadoes/.vscode/extensions/extensions.json","path":"/home/solvingtornadoes/.vscode/extensions/extensions.json","scheme":"vscode-userdata"},"isApplicationScoped":false,"productVersion":{"version":"1.109.5","date":"2026-02-19T19:43:32.382Z"},"pinned":false,"installGivenVersion":false,"context":{"dependecyOrPackExtensionInstall":true}}
2026-02-22 20:11:24.002 [info] Extension signature verification result for ms-python.debugpy: Success. Internal Code: 0. Executed: true. Duration: 2492ms.
2026-02-22 20:11:24.202 [info] Extension signature verification result for ms-python.vscode-python-envs: Success. Internal Code: 0. Executed: true. Duration: 1464ms.
2026-02-22 20:11:24.866 [info] Extracted extension to file:///home/solvingtornadoes/.vscode/extensions/ms-python.vscode-python-envs-1.16.0-linux-x64: ms-python.vscode-python-envs
2026-02-22 20:11:25.066 [info] Renamed to /home/solvingtornadoes/.vscode/extensions/ms-python.vscode-python-envs-1.16.0-linux-x64
2026-02-22 20:11:25.321 [info] Extracted extension to file:///home/solvingtornadoes/.vscode/extensions/ms-python.debugpy-2025.18.0-linux-x64: ms-python.debugpy
2026-02-22 20:11:25.373 [info] Renamed to /home/solvingtornadoes/.vscode/extensions/ms-python.debugpy-2025.18.0-linux-x64
2026-02-22 20:11:44.290 [info] Extension signature verification result for ms-python.python: Success. Internal Code: 0. Executed: true. Duration: 1426ms.
2026-02-22 20:11:47.685 [info] Extracted extension to file:///home/solvingtornadoes/.vscode/extensions/ms-python.python-2026.2.0-linux-x64: ms-python.python
2026-02-22 20:11:48.179 [info] Renamed to /home/solvingtornadoes/.vscode/extensions/ms-python.python-2026.2.0-linux-x64
2026-02-22 20:12:22.690 [info] Extension signature verification result for ms-python.vscode-pylance: Success. Internal Code: 0. Executed: true. Duration: 1576ms.
2026-02-22 20:12:32.200 [info] Extracted extension to file:///home/solvingtornadoes/.vscode/extensions/ms-python.vscode-pylance-2026.1.1: ms-python.vscode-pylance
2026-02-22 20:12:33.114 [info] Renamed to /home/solvingtornadoes/.vscode/extensions/ms-python.vscode-pylance-2026.1.1
2026-02-22 20:12:33.238 [info] Extension installed successfully: ms-python.vscode-python-envs vscode-userdata:/home/solvingtornadoes/.vscode/extensions/extensions.json
2026-02-22 20:12:33.238 [info] Extension installed successfully: ms-python.debugpy vscode-userdata:/home/solvingtornadoes/.vscode/extensions/extensions.json
2026-02-22 20:12:33.239 [info] Extension installed successfully: ms-python.python vscode-userdata:/home/solvingtornadoes/.vscode/extensions/extensions.json
2026-02-22 20:12:33.239 [info] Extension installed successfully: ms-python.vscode-pylance vscode-userdata:/home/solvingtornadoes/.vscode/extensions/extensions.json
