2026-02-22 22:21:18.356 [info] Extension host with pid 1278 started
2026-02-22 22:21:19.129 [info] ExtensionService#_doActivateExtension vscode.github-authentication, startup: false, activationEvent: 'onAuthenticationRequest:github'
2026-02-22 22:21:19.205 [info] ExtensionService#_doActivateExtension vscode.emmet, startup: false, activationEvent: 'onLanguage'
2026-02-22 22:21:19.257 [info] ExtensionService#_doActivateExtension ms-python.python, startup: false, activationEvent: 'onLanguage:python', root cause: ms-python.debugpy
2026-02-22 22:21:19.712 [info] ExtensionService#_doActivateExtension ms-python.vscode-pylance, startup: false, activationEvent: 'onLanguage:python'
2026-02-22 22:21:20.670 [info] ExtensionService#_doActivateExtension ms-python.vscode-python-envs, startup: false, activationEvent: 'onLanguage:python'
2026-02-22 22:21:20.803 [info] ExtensionService#_doActivateExtension vscode.terminal-suggest, startup: false, activationEvent: 'onTerminalShellIntegration:*'
2026-02-22 22:21:21.215 [info] ExtensionService#_doActivateExtension vscode.git-base, startup: true, activationEvent: '*', root cause: vscode.git
2026-02-22 22:21:21.320 [info] ExtensionService#_doActivateExtension vscode.git, startup: true, activationEvent: '*'
2026-02-22 22:21:21.431 [info] ExtensionService#_doActivateExtension vscode.github, startup: true, activationEvent: '*'
2026-02-22 22:21:21.758 [info] Eager extensions activated
2026-02-22 22:21:21.884 [info] ExtensionService#_doActivateExtension vscode.debug-auto-launch, startup: false, activationEvent: 'onStartupFinished'
2026-02-22 22:21:21.893 [info] ExtensionService#_doActivateExtension vscode.merge-conflict, startup: false, activationEvent: 'onStartupFinished'
2026-02-22 22:21:22.448 [info] ExtensionService#_doActivateExtension ms-python.debugpy, startup: false, activationEvent: 'onLanguage:python'
2026-02-22 22:21:26.976 [warning] DiagnosticCollection with name 'Pylance' does already exist.
2026-02-22 22:22:08.043 [error] Error: illegal state - object is disposed
	at mR.j (file:///usr/share/code/resources/app/out/vs/workbench/api/node/extensionHostProcess.js:144:118529)
	at mR.delete (file:///usr/share/code/resources/app/out/vs/workbench/api/node/extensionHostProcess.js:144:118047)
	at p.forgetDocument (/home/solvingtornadoes/.vscode/extensions/ms-python.vscode-pylance-2026.1.1/dist/vendor.bundle.js:2:1963233)
	at I.cleanUpDocument (/home/solvingtornadoes/.vscode/extensions/ms-python.vscode-pylance-2026.1.1/dist/vendor.bundle.js:2:1973430)
	at ef.value (/home/solvingtornadoes/.vscode/extensions/ms-python.vscode-pylance-2026.1.1/dist/vendor.bundle.js:2:1972730)
	at I.C (file:///usr/share/code/resources/app/out/vs/workbench/api/node/extensionHostProcess.js:27:2328)
	at I.D (file:///usr/share/code/resources/app/out/vs/workbench/api/node/extensionHostProcess.js:27:2398)
	at I.fire (file:///usr/share/code/resources/app/out/vs/workbench/api/node/extensionHostProcess.js:27:2615)
	at e (/home/solvingtornadoes/.vscode/extensions/ms-python.vscode-pylance-2026.1.1/dist/vendor.bundle.js:2:796195)
	at /home/solvingtornadoes/.vscode/extensions/ms-python.vscode-pylance-2026.1.1/dist/vendor.bundle.js:2:796469
	at ef.value (file:///usr/share/code/resources/app/out/vs/workbench/api/node/extensionHostProcess.js:213:103000)
	at I.C (file:///usr/share/code/resources/app/out/vs/workbench/api/node/extensionHostProcess.js:27:2328)
	at I.D (file:///usr/share/code/resources/app/out/vs/workbench/api/node/extensionHostProcess.js:27:2398)
	at I.fire (file:///usr/share/code/resources/app/out/vs/workbench/api/node/extensionHostProcess.js:27:2615)
	at ef.value (file:///usr/share/code/resources/app/out/vs/workbench/api/node/extensionHostProcess.js:213:63528)
	at I.C (file:///usr/share/code/resources/app/out/vs/workbench/api/node/extensionHostProcess.js:27:2328)
	at I.fire (file:///usr/share/code/resources/app/out/vs/workbench/api/node/extensionHostProcess.js:27:2546)
	at h4.acceptDocumentsAndEditorsDelta (file:///usr/share/code/resources/app/out/vs/workbench/api/node/extensionHostProcess.js:124:11891)
	at h4.$acceptDocumentsAndEditorsDelta (file:///usr/share/code/resources/app/out/vs/workbench/api/node/extensionHostProcess.js:124:10425)
	at LE.S (file:///usr/share/code/resources/app/out/vs/workbench/api/node/extensionHostProcess.js:29:125501)
	at LE.Q (file:///usr/share/code/resources/app/out/vs/workbench/api/node/extensionHostProcess.js:29:125281)
	at LE.M (file:///usr/share/code/resources/app/out/vs/workbench/api/node/extensionHostProcess.js:29:124370)
	at LE.L (file:///usr/share/code/resources/app/out/vs/workbench/api/node/extensionHostProcess.js:29:123475)
	at ef.value (file:///usr/share/code/resources/app/out/vs/workbench/api/node/extensionHostProcess.js:29:122272)
	at I.C (file:///usr/share/code/resources/app/out/vs/workbench/api/node/extensionHostProcess.js:27:2328)
	at I.fire (file:///usr/share/code/resources/app/out/vs/workbench/api/node/extensionHostProcess.js:27:2546)
	at Jo.fire (file:///usr/share/code/resources/app/out/vs/workbench/api/node/extensionHostProcess.js:29:9471)
	at ef.value (file:///usr/share/code/resources/app/out/vs/workbench/api/node/extensionHostProcess.js:405:9337)
	at I.C (file:///usr/share/code/resources/app/out/vs/workbench/api/node/extensionHostProcess.js:27:2328)
	at I.fire (file:///usr/share/code/resources/app/out/vs/workbench/api/node/extensionHostProcess.js:27:2546)
	at Jo.fire (file:///usr/share/code/resources/app/out/vs/workbench/api/node/extensionHostProcess.js:29:9471)
	at MessagePortMain.<anonymous> (file:///usr/share/code/resources/app/out/vs/workbench/api/node/extensionHostProcess.js:405:7571)
	at MessagePortMain.emit (node:events:519:28)
	at MessagePortMain._internalPort.emit (node:electron/js2c/utility_init:2:2959)
2026-02-22 22:22:25.430 [info] ExtensionService#_doActivateExtension vscode.npm, startup: false, activationEvent: 'onTerminalQuickFixRequest:ms-vscode.npm-command'
2026-02-22 23:30:23.695 [info] Extension host terminating: renderer closed the MessagePort
2026-02-22 23:30:23.753 [error] TypeError: Cannot read properties of undefined (reading 'subscriptions')
	at Object.X [as deactivate] (/home/solvingtornadoes/.vscode/extensions/ms-python.vscode-python-envs-1.16.0-linux-x64/dist/extension.js:2:689273)
	at pee.eb (file:///usr/share/code/resources/app/out/vs/workbench/api/node/extensionHostProcess.js:120:11880)
	at file:///usr/share/code/resources/app/out/vs/workbench/api/node/extensionHostProcess.js:120:10030
	at Array.map (<anonymous>)
	at pee.$ (file:///usr/share/code/resources/app/out/vs/workbench/api/node/extensionHostProcess.js:120:10018)
	at pee.terminate (file:///usr/share/code/resources/app/out/vs/workbench/api/node/extensionHostProcess.js:120:10261)
	at nR.terminate (file:///usr/share/code/resources/app/out/vs/workbench/api/node/extensionHostProcess.js:122:914)
	at zr (file:///usr/share/code/resources/app/out/vs/workbench/api/node/extensionHostProcess.js:405:11144)
	at MessagePortMain.<anonymous> (file:///usr/share/code/resources/app/out/vs/workbench/api/node/extensionHostProcess.js:405:7611)
	at MessagePortMain.emit (node:events:519:28)
	at MessagePortMain._internalPort.emit (node:electron/js2c/utility_init:2:2959)
2026-02-22 23:30:23.754 [info] Extension host with pid 1278 exiting with code 0
